# JRE version: 7.0_25-b17
# Java VM: Java HotSpot(TM) 64-Bit Server VM (23.25-b01 mixed mode windows-amd64 compressed oops)
Heap
 PSYoungGen      total 225984K, used 104110K [0x00000007d5f60000, 0x00000007e4f60000, 0x0000000800000000)
  eden space 206464K, 46% used [0x00000007d5f60000,0x00000007dbdd42f0,0x00000007e2900000)
  from space 19520K, 37% used [0x00000007e3c50000,0x00000007e4387748,0x00000007e4f60000)
  to   space 19648K, 0% used [0x00000007e2900000,0x00000007e2900000,0x00000007e3c30000)
 ParOldGen       total 86144K, used 43012K [0x0000000781e00000, 0x0000000787220000, 0x00000007d5f60000)
  object space 86144K, 49% used [0x0000000781e00000,0x0000000784801330,0x0000000787220000)
 PSPermGen       total 43136K, used 42964K [0x000000077cc00000, 0x000000077f620000, 0x0000000781e00000)
  object space 43136K, 99% used [0x000000077cc00000,0x000000077f5f5028,0x000000077f620000)
GC Heap History (10 events):
Event: 4.600 GC heap before
{Heap before GC invocations=6 (full 0):
 PSYoungGen      total 69888K, used 69871K [0x00000007d5f60000, 0x00000007df480000, 0x0000000800000000)
  eden space 64512K, 100% used [0x00000007d5f60000,0x00000007d9e60000,0x00000007d9e60000)
  from space 5376K, 99% used [0x00000007d9e60000,0x00000007da39bec0,0x00000007da3a0000)
  to   space 11840K, 0% used [0x00000007de8f0000,0x00000007de8f0000,0x00000007df480000)
 ParOldGen       total 86144K, used 16325K [0x0000000781e00000, 0x0000000787220000, 0x00000007d5f60000)
  object space 86144K, 18% used [0x0000000781e00000,0x0000000782df15e0,0x0000000787220000)
 PSPermGen       total 25472K, used 25421K [0x000000077cc00000, 0x000000077e4e0000, 0x0000000781e00000)
  object space 25472K, 99% used [0x000000077cc00000,0x000000077e4d3420,0x000000077e4e0000)
Event: 4.610 GC heap after
Heap after GC invocations=6 (full 0):
 PSYoungGen      total 139968K, used 8526K [0x00000007d5f60000, 0x00000007df3a0000, 0x0000000800000000)
  eden space 129024K, 0% used [0x00000007d5f60000,0x00000007d5f60000,0x00000007ddd60000)
  from space 10944K, 77% used [0x00000007de8f0000,0x00000007df143b00,0x00000007df3a0000)
  to   space 11392K, 0% used [0x00000007ddd60000,0x00000007ddd60000,0x00000007de880000)
 ParOldGen       total 86144K, used 16333K [0x0000000781e00000, 0x0000000787220000, 0x00000007d5f60000)
  object space 86144K, 18% used [0x0000000781e00000,0x0000000782df35e0,0x0000000787220000)
 PSPermGen       total 25472K, used 25421K [0x000000077cc00000, 0x000000077e4e0000, 0x0000000781e00000)
  object space 25472K, 99% used [0x000000077cc00000,0x000000077e4d3420,0x000000077e4e0000)
}
Event: 5.941 GC heap before
{Heap before GC invocations=7 (full 0):
 PSYoungGen      total 139968K, used 137550K [0x00000007d5f60000, 0x00000007df3a0000, 0x0000000800000000)
  eden space 129024K, 100% used [0x00000007d5f60000,0x00000007ddd60000,0x00000007ddd60000)
  from space 10944K, 77% used [0x00000007de8f0000,0x00000007df143b00,0x00000007df3a0000)
  to   space 11392K, 0% used [0x00000007ddd60000,0x00000007ddd60000,0x00000007de880000)
 ParOldGen       total 86144K, used 16333K [0x0000000781e00000, 0x0000000787220000, 0x00000007d5f60000)
  object space 86144K, 18% used [0x0000000781e00000,0x0000000782df35e0,0x0000000787220000)
 PSPermGen       total 31808K, used 31710K [0x000000077cc00000, 0x000000077eb10000, 0x0000000781e00000)
  object space 31808K, 99% used [0x000000077cc00000,0x000000077eaf7ad0,0x000000077eb10000)
Event: 5.957 GC heap after
Heap after GC invocations=7 (full 0):
 PSYoungGen      total 140416K, used 11361K [0x00000007d5f60000, 0x00000007df3a0000, 0x0000000800000000)
  eden space 129024K, 0% used [0x00000007d5f60000,0x00000007d5f60000,0x00000007ddd60000)
  from space 11392K, 99% used [0x00000007ddd60000,0x00000007de878418,0x00000007de880000)
  to   space 10944K, 0% used [0x00000007de8f0000,0x00000007de8f0000,0x00000007df3a0000)
 ParOldGen       total 86144K, used 21112K [0x0000000781e00000, 0x0000000787220000, 0x00000007d5f60000)
  object space 86144K, 24% used [0x0000000781e00000,0x000000078329e370,0x0000000787220000)
 PSPermGen       total 31808K, used 31710K [0x000000077cc00000, 0x000000077eb10000, 0x0000000781e00000)
  object space 31808K, 99% used [0x000000077cc00000,0x000000077eaf7ad0,0x000000077eb10000)
}
Event: 7.051 GC heap before
{Heap before GC invocations=8 (full 0):
 PSYoungGen      total 140416K, used 140385K [0x00000007d5f60000, 0x00000007df3a0000, 0x0000000800000000)
  eden space 129024K, 100% used [0x00000007d5f60000,0x00000007ddd60000,0x00000007ddd60000)
  from space 11392K, 99% used [0x00000007ddd60000,0x00000007de878418,0x00000007de880000)
  to   space 10944K, 0% used [0x00000007de8f0000,0x00000007de8f0000,0x00000007df3a0000)
 ParOldGen       total 86144K, used 21112K [0x0000000781e00000, 0x0000000787220000, 0x00000007d5f60000)
  object space 86144K, 24% used [0x0000000781e00000,0x000000078329e370,0x0000000787220000)
 PSPermGen       total 35072K, used 34939K [0x000000077cc00000, 0x000000077ee40000, 0x0000000781e00000)
  object space 35072K, 99% used [0x000000077cc00000,0x000000077ee1ec80,0x000000077ee40000)
Event: 7.071 GC heap after
Heap after GC invocations=8 (full 0):
 PSYoungGen      total 139968K, used 10925K [0x00000007d5f60000, 0x00000007df3a0000, 0x0000000800000000)
  eden space 129024K, 0% used [0x00000007d5f60000,0x00000007d5f60000,0x00000007ddd60000)
  from space 10944K, 99% used [0x00000007de8f0000,0x00000007df39b5f0,0x00000007df3a0000)
  to   space 11392K, 0% used [0x00000007ddd60000,0x00000007ddd60000,0x00000007de880000)
 ParOldGen       total 86144K, used 30666K [0x0000000781e00000, 0x0000000787220000, 0x00000007d5f60000)
  object space 86144K, 35% used [0x0000000781e00000,0x0000000783bf2878,0x0000000787220000)
 PSPermGen       total 35072K, used 34939K [0x000000077cc00000, 0x000000077ee40000, 0x0000000781e00000)
  object space 35072K, 99% used [0x000000077cc00000,0x000000077ee1ec80,0x000000077ee40000)
}
Event: 7.756 GC heap before
{Heap before GC invocations=9 (full 0):
 PSYoungGen      total 139968K, used 139949K [0x00000007d5f60000, 0x00000007df3a0000, 0x0000000800000000)
  eden space 129024K, 100% used [0x00000007d5f60000,0x00000007ddd60000,0x00000007ddd60000)
  from space 10944K, 99% used [0x00000007de8f0000,0x00000007df39b5f0,0x00000007df3a0000)
  to   space 11392K, 0% used [0x00000007ddd60000,0x00000007ddd60000,0x00000007de880000)
 ParOldGen       total 86144K, used 30666K [0x0000000781e00000, 0x0000000787220000, 0x00000007d5f60000)
  object space 86144K, 35% used [0x0000000781e00000,0x0000000783bf2878,0x0000000787220000)
 PSPermGen       total 38336K, used 38268K [0x000000077cc00000, 0x000000077f170000, 0x0000000781e00000)
  object space 38336K, 99% used [0x000000077cc00000,0x000000077f15f288,0x000000077f170000)
Event: 7.766 GC heap after
Heap after GC invocations=9 (full 0):
 PSYoungGen      total 140416K, used 11384K [0x00000007d5f60000, 0x00000007e4fa0000, 0x0000000800000000)
  eden space 129024K, 0% used [0x00000007d5f60000,0x00000007d5f60000,0x00000007ddd60000)
  from space 11392K, 99% used [0x00000007ddd60000,0x00000007de87e348,0x00000007de880000)
  to   space 19776K, 0% used [0x00000007e3c50000,0x00000007e3c50000,0x00000007e4fa0000)
 ParOldGen       total 86144K, used 34586K [0x0000000781e00000, 0x0000000787220000, 0x00000007d5f60000)
  object space 86144K, 40% used [0x0000000781e00000,0x0000000783fc6a48,0x0000000787220000)
 PSPermGen       total 38336K, used 38268K [0x000000077cc00000, 0x000000077f170000, 0x0000000781e00000)
  object space 38336K, 99% used [0x000000077cc00000,0x000000077f15f288,0x000000077f170000)
}
Event: 8.464 GC heap before
{Heap before GC invocations=10 (full 0):
 PSYoungGen      total 140416K, used 140408K [0x00000007d5f60000, 0x00000007e4fa0000, 0x0000000800000000)
  eden space 129024K, 100% used [0x00000007d5f60000,0x00000007ddd60000,0x00000007ddd60000)
  from space 11392K, 99% used [0x00000007ddd60000,0x00000007de87e348,0x00000007de880000)
  to   space 19776K, 0% used [0x00000007e3c50000,0x00000007e3c50000,0x00000007e4fa0000)
 ParOldGen       total 86144K, used 34586K [0x0000000781e00000, 0x0000000787220000, 0x00000007d5f60000)
  object space 86144K, 40% used [0x0000000781e00000,0x0000000783fc6a48,0x0000000787220000)
 PSPermGen       total 39488K, used 39472K [0x000000077cc00000, 0x000000077f290000, 0x0000000781e00000)
  object space 39488K, 99% used [0x000000077cc00000,0x000000077f28c088,0x000000077f290000)
Event: 8.474 GC heap after
Heap after GC invocations=10 (full 0):
 PSYoungGen      total 225984K, used 7389K [0x00000007d5f60000, 0x00000007e4f60000, 0x0000000800000000)
  eden space 206464K, 0% used [0x00000007d5f60000,0x00000007d5f60000,0x00000007e2900000)
  from space 19520K, 37% used [0x00000007e3c50000,0x00000007e4387748,0x00000007e4f60000)
  to   space 19648K, 0% used [0x00000007e2900000,0x00000007e2900000,0x00000007e3c30000)
 ParOldGen       total 86144K, used 43012K [0x0000000781e00000, 0x0000000787220000, 0x00000007d5f60000)
  object space 86144K, 49% used [0x0000000781e00000,0x0000000784801330,0x0000000787220000)
 PSPermGen       total 39488K, used 39472K [0x000000077cc00000, 0x000000077f290000, 0x0000000781e00000)
  object space 39488K, 99% used [0x000000077cc00000,0x000000077f28c088,0x000000077f290000)
}

